<?xml version="1.0" encoding="UTF-8"?>
<TestRun id="456cf7d3-8ad6-48f2-8771-8a4ccbdfb32c" name="Vando.Moreira@HOME 2018-07-28 23:17:44" runUser="Home\Vando.Moreira" xmlns="http://microsoft.com/schemas/VisualStudio/TeamTest/2010">
  <TestSettings name="Local" id="5e1a744f-c084-4377-9e89-f7d931b07561">
    <Description>These are default test settings for a local test run.</Description>
    <Deployment enabled="false" runDeploymentRoot="Vando.Moreira_HOME 2018-07-28 23_17_44">
      <DeploymentItem filename="c:\users\vando.moreira\documents\visual studio 2010\Projects\csT\csT\bin\Debug\csT.exe" />
    </Deployment>
    <Execution>
      <TestTypeSpecific />
      <AgentRule name="Execution Agents">
      </AgentRule>
    </Execution>
  </TestSettings>
  <Times creation="2018-07-28T23:17:44.3731866+01:00" queuing="2018-07-28T23:17:44.3861874+01:00" start="2018-07-28T23:17:44.3941878+01:00" finish="2018-07-28T23:17:44.6772040+01:00" />
  <ResultSummary outcome="Failed">
    <Counters total="6" executed="6" passed="5" error="0" failed="1" timeout="0" aborted="0" inconclusive="0" passedButRunAborted="0" notRunnable="0" notExecuted="0" disconnected="0" warning="0" completed="0" inProgress="0" pending="0" />
  </ResultSummary>
  <TestDefinitions>
    <UnitTest name="TMInputArraynotnull" storage="c:\users\vando.moreira\documents\visual studio 2010\projects\cst\testproject01\bin\debug\testproject01.dll" id="83ce80bc-b14c-faaa-c9c6-345e2e1a6192">
      <Execution id="b7395570-f258-4398-8887-356ef0017eb8" />
      <TestMethod codeBase="c:/users/vando.moreira/documents/visual studio 2010/Projects/csT/TestProject01/bin/Debug/TestProject01.DLL" adapterTypeName="Microsoft.VisualStudio.TestTools.TestTypes.Unit.UnitTestAdapter, Microsoft.VisualStudio.QualityTools.Tips.UnitTest.Adapter, Version=10.0.0.0, Culture=neutral, PublicKeyToken=b03f5f7f11d50a3a" className="TestProject01.Cls01Testes, TestProject01, Version=1.0.0.0, Culture=neutral, PublicKeyToken=null" name="TMInputArraynotnull" />
    </UnitTest>
    <UnitTest name="TMInputcase4" storage="c:\users\vando.moreira\documents\visual studio 2010\projects\cst\testproject01\bin\debug\testproject01.dll" id="ae6b1e59-92de-6629-21e0-300752823fd1">
      <Execution id="0f7e07f5-de05-4d27-ad80-27c6b4602ac2" />
      <TestMethod codeBase="c:/users/vando.moreira/documents/visual studio 2010/Projects/csT/TestProject01/bin/Debug/TestProject01.DLL" adapterTypeName="Microsoft.VisualStudio.TestTools.TestTypes.Unit.UnitTestAdapter, Microsoft.VisualStudio.QualityTools.Tips.UnitTest.Adapter, Version=10.0.0.0, Culture=neutral, PublicKeyToken=b03f5f7f11d50a3a" className="TestProject01.Cls01Testes, TestProject01, Version=1.0.0.0, Culture=neutral, PublicKeyToken=null" name="TMInputcase4" />
    </UnitTest>
    <UnitTest name="TMInputcase2" storage="c:\users\vando.moreira\documents\visual studio 2010\projects\cst\testproject01\bin\debug\testproject01.dll" id="713c4d8a-beb7-f211-7571-3713984001be">
      <Execution id="18df88c6-cf12-405d-ac97-78190597cd0d" />
      <TestMethod codeBase="c:/users/vando.moreira/documents/visual studio 2010/Projects/csT/TestProject01/bin/Debug/TestProject01.DLL" adapterTypeName="Microsoft.VisualStudio.TestTools.TestTypes.Unit.UnitTestAdapter, Microsoft.VisualStudio.QualityTools.Tips.UnitTest.Adapter, Version=10.0.0.0, Culture=neutral, PublicKeyToken=b03f5f7f11d50a3a" className="TestProject01.Cls01Testes, TestProject01, Version=1.0.0.0, Culture=neutral, PublicKeyToken=null" name="TMInputcase2" />
    </UnitTest>
    <UnitTest name="TMInputcase3" storage="c:\users\vando.moreira\documents\visual studio 2010\projects\cst\testproject01\bin\debug\testproject01.dll" id="d8b9b00f-2344-76c1-605a-33a419e9fa79">
      <Execution id="a90f17c2-cd91-496a-92f6-18dae6185bbf" />
      <TestMethod codeBase="c:/users/vando.moreira/documents/visual studio 2010/Projects/csT/TestProject01/bin/Debug/TestProject01.DLL" adapterTypeName="Microsoft.VisualStudio.TestTools.TestTypes.Unit.UnitTestAdapter, Microsoft.VisualStudio.QualityTools.Tips.UnitTest.Adapter, Version=10.0.0.0, Culture=neutral, PublicKeyToken=b03f5f7f11d50a3a" className="TestProject01.Cls01Testes, TestProject01, Version=1.0.0.0, Culture=neutral, PublicKeyToken=null" name="TMInputcase3" />
    </UnitTest>
    <UnitTest name="TMInputElementsnull" storage="c:\users\vando.moreira\documents\visual studio 2010\projects\cst\testproject01\bin\debug\testproject01.dll" id="d347be75-2d9f-a4de-2c0e-4ae3a5eb80cd">
      <Execution id="0b7f55ee-4315-493f-928b-335a1fc601af" />
      <TestMethod codeBase="c:/users/vando.moreira/documents/visual studio 2010/Projects/csT/TestProject01/bin/Debug/TestProject01.DLL" adapterTypeName="Microsoft.VisualStudio.TestTools.TestTypes.Unit.UnitTestAdapter, Microsoft.VisualStudio.QualityTools.Tips.UnitTest.Adapter, Version=10.0.0.0, Culture=neutral, PublicKeyToken=b03f5f7f11d50a3a" className="TestProject01.Cls01Testes, TestProject01, Version=1.0.0.0, Culture=neutral, PublicKeyToken=null" name="TMInputElementsnull" />
    </UnitTest>
    <UnitTest name="TMInputcase1" storage="c:\users\vando.moreira\documents\visual studio 2010\projects\cst\testproject01\bin\debug\testproject01.dll" id="724b8573-2358-fcfd-f0bb-a2f460d6d87f">
      <Execution id="f1c75e8a-2ac9-48a7-9d07-f32b7182a870" />
      <TestMethod codeBase="c:/users/vando.moreira/documents/visual studio 2010/Projects/csT/TestProject01/bin/Debug/TestProject01.DLL" adapterTypeName="Microsoft.VisualStudio.TestTools.TestTypes.Unit.UnitTestAdapter, Microsoft.VisualStudio.QualityTools.Tips.UnitTest.Adapter, Version=10.0.0.0, Culture=neutral, PublicKeyToken=b03f5f7f11d50a3a" className="TestProject01.Cls01Testes, TestProject01, Version=1.0.0.0, Culture=neutral, PublicKeyToken=null" name="TMInputcase1" />
    </UnitTest>
  </TestDefinitions>
  <TestLists>
    <TestList name="Results Not in a List" id="8c84fa94-04c1-424b-9868-57a2d4851a1d" />
    <TestList name="All Loaded Results" id="19431567-8539-422a-85d7-44ee4e166bda" />
  </TestLists>
  <TestEntries>
    <TestEntry testId="713c4d8a-beb7-f211-7571-3713984001be" executionId="18df88c6-cf12-405d-ac97-78190597cd0d" testListId="8c84fa94-04c1-424b-9868-57a2d4851a1d" />
    <TestEntry testId="724b8573-2358-fcfd-f0bb-a2f460d6d87f" executionId="f1c75e8a-2ac9-48a7-9d07-f32b7182a870" testListId="8c84fa94-04c1-424b-9868-57a2d4851a1d" />
    <TestEntry testId="83ce80bc-b14c-faaa-c9c6-345e2e1a6192" executionId="b7395570-f258-4398-8887-356ef0017eb8" testListId="8c84fa94-04c1-424b-9868-57a2d4851a1d" />
    <TestEntry testId="ae6b1e59-92de-6629-21e0-300752823fd1" executionId="0f7e07f5-de05-4d27-ad80-27c6b4602ac2" testListId="8c84fa94-04c1-424b-9868-57a2d4851a1d" />
    <TestEntry testId="d347be75-2d9f-a4de-2c0e-4ae3a5eb80cd" executionId="0b7f55ee-4315-493f-928b-335a1fc601af" testListId="8c84fa94-04c1-424b-9868-57a2d4851a1d" />
    <TestEntry testId="d8b9b00f-2344-76c1-605a-33a419e9fa79" executionId="a90f17c2-cd91-496a-92f6-18dae6185bbf" testListId="8c84fa94-04c1-424b-9868-57a2d4851a1d" />
  </TestEntries>
  <Results>
    <UnitTestResult executionId="18df88c6-cf12-405d-ac97-78190597cd0d" testId="713c4d8a-beb7-f211-7571-3713984001be" testName="TMInputcase2" computerName="HOME" duration="00:00:00.0169687" startTime="2018-07-28T23:17:44.3961880+01:00" endTime="2018-07-28T23:17:44.6021997+01:00" testType="13cdc9d9-ddb5-4fa4-a97d-d965ccfc6d4b" outcome="Passed" testListId="8c84fa94-04c1-424b-9868-57a2d4851a1d" relativeResultsDirectory="18df88c6-cf12-405d-ac97-78190597cd0d">
    </UnitTestResult>
    <UnitTestResult executionId="f1c75e8a-2ac9-48a7-9d07-f32b7182a870" testId="724b8573-2358-fcfd-f0bb-a2f460d6d87f" testName="TMInputcase1" computerName="HOME" duration="00:00:00.0002200" startTime="2018-07-28T23:17:44.6021997+01:00" endTime="2018-07-28T23:17:44.6072000+01:00" testType="13cdc9d9-ddb5-4fa4-a97d-d965ccfc6d4b" outcome="Passed" testListId="8c84fa94-04c1-424b-9868-57a2d4851a1d" relativeResultsDirectory="f1c75e8a-2ac9-48a7-9d07-f32b7182a870">
    </UnitTestResult>
    <UnitTestResult executionId="b7395570-f258-4398-8887-356ef0017eb8" testId="83ce80bc-b14c-faaa-c9c6-345e2e1a6192" testName="TMInputArraynotnull" computerName="HOME" duration="00:00:00.0023775" startTime="2018-07-28T23:17:44.6082001+01:00" endTime="2018-07-28T23:17:44.6142004+01:00" testType="13cdc9d9-ddb5-4fa4-a97d-d965ccfc6d4b" outcome="Passed" testListId="8c84fa94-04c1-424b-9868-57a2d4851a1d" relativeResultsDirectory="b7395570-f258-4398-8887-356ef0017eb8">
    </UnitTestResult>
    <UnitTestResult executionId="0f7e07f5-de05-4d27-ad80-27c6b4602ac2" testId="ae6b1e59-92de-6629-21e0-300752823fd1" testName="TMInputcase4" computerName="HOME" duration="00:00:00.0174008" startTime="2018-07-28T23:17:44.6152005+01:00" endTime="2018-07-28T23:17:44.6372017+01:00" testType="13cdc9d9-ddb5-4fa4-a97d-d965ccfc6d4b" outcome="Failed" testListId="8c84fa94-04c1-424b-9868-57a2d4851a1d" relativeResultsDirectory="0f7e07f5-de05-4d27-ad80-27c6b4602ac2">
      <Output>
        <ErrorInfo>
          <Message>Assert.AreEqual failed. Expected:&lt;(4,5)(-2,11)&gt;. Actual:&lt;(11,-2),(5,4)&gt;. </Message>
          <StackTrace>   em TestProject01.Cls01Testes.TMInputcase4() na c:\users\vando.moreira\documents\visual studio 2010\Projects\csT\TestProject01\Cls01Testes.cs:linha 56
</StackTrace>
        </ErrorInfo>
      </Output>
    </UnitTestResult>
    <UnitTestResult executionId="0b7f55ee-4315-493f-928b-335a1fc601af" testId="d347be75-2d9f-a4de-2c0e-4ae3a5eb80cd" testName="TMInputElementsnull" computerName="HOME" duration="00:00:00.0009504" startTime="2018-07-28T23:17:44.6382018+01:00" endTime="2018-07-28T23:17:44.6442021+01:00" testType="13cdc9d9-ddb5-4fa4-a97d-d965ccfc6d4b" outcome="Passed" testListId="8c84fa94-04c1-424b-9868-57a2d4851a1d" relativeResultsDirectory="0b7f55ee-4315-493f-928b-335a1fc601af">
    </UnitTestResult>
    <UnitTestResult executionId="a90f17c2-cd91-496a-92f6-18dae6185bbf" testId="d8b9b00f-2344-76c1-605a-33a419e9fa79" testName="TMInputcase3" computerName="HOME" duration="00:00:00.0002195" startTime="2018-07-28T23:17:44.6462023+01:00" endTime="2018-07-28T23:17:44.6502025+01:00" testType="13cdc9d9-ddb5-4fa4-a97d-d965ccfc6d4b" outcome="Passed" testListId="8c84fa94-04c1-424b-9868-57a2d4851a1d" relativeResultsDirectory="a90f17c2-cd91-496a-92f6-18dae6185bbf">
    </UnitTestResult>
  </Results>
</TestRun>