<?xml version="1.0" encoding="UTF-8"?>
<TestRun id="dd2d723d-78b5-40bd-a36c-29a460351129" name="Vando.Moreira@HOME 2018-07-28 23:48:03" runUser="Home\Vando.Moreira" xmlns="http://microsoft.com/schemas/VisualStudio/TeamTest/2010">
  <TestSettings name="Local" id="5e1a744f-c084-4377-9e89-f7d931b07561">
    <Description>These are default test settings for a local test run.</Description>
    <Deployment enabled="false" runDeploymentRoot="Vando.Moreira_HOME 2018-07-28 23_48_03">
      <DeploymentItem filename="c:\users\vando.moreira\documents\visual studio 2010\Projects\csT\csT\bin\Debug\csT.exe" />
    </Deployment>
    <Execution>
      <TestTypeSpecific />
      <AgentRule name="Execution Agents">
      </AgentRule>
    </Execution>
  </TestSettings>
  <Times creation="2018-07-28T23:48:03.7582495+01:00" queuing="2018-07-28T23:48:03.7852511+01:00" start="2018-07-28T23:48:03.7932515+01:00" finish="2018-07-28T23:48:04.0642670+01:00" />
  <ResultSummary outcome="Completed">
    <Counters total="6" executed="6" passed="6" error="0" failed="0" timeout="0" aborted="0" inconclusive="0" passedButRunAborted="0" notRunnable="0" notExecuted="0" disconnected="0" warning="0" completed="0" inProgress="0" pending="0" />
  </ResultSummary>
  <TestDefinitions>
    <UnitTest name="TMInputArraynotnull" storage="c:\users\vando.moreira\documents\visual studio 2010\projects\cst\testproject01\bin\debug\testproject01.dll" id="83ce80bc-b14c-faaa-c9c6-345e2e1a6192">
      <Execution id="e0c75876-b4d0-4f7d-bf9f-1e4cc7cf181d" />
      <TestMethod codeBase="c:/users/vando.moreira/documents/visual studio 2010/Projects/csT/TestProject01/bin/Debug/TestProject01.DLL" adapterTypeName="Microsoft.VisualStudio.TestTools.TestTypes.Unit.UnitTestAdapter, Microsoft.VisualStudio.QualityTools.Tips.UnitTest.Adapter, Version=10.0.0.0, Culture=neutral, PublicKeyToken=b03f5f7f11d50a3a" className="TestProject01.Cls01Testes, TestProject01, Version=1.0.0.0, Culture=neutral, PublicKeyToken=null" name="TMInputArraynotnull" />
    </UnitTest>
    <UnitTest name="TMInputcase4" storage="c:\users\vando.moreira\documents\visual studio 2010\projects\cst\testproject01\bin\debug\testproject01.dll" id="ae6b1e59-92de-6629-21e0-300752823fd1">
      <Execution id="c5a92a48-3bc8-48b8-9da4-f0bf41dafc46" />
      <TestMethod codeBase="c:/users/vando.moreira/documents/visual studio 2010/Projects/csT/TestProject01/bin/Debug/TestProject01.DLL" adapterTypeName="Microsoft.VisualStudio.TestTools.TestTypes.Unit.UnitTestAdapter, Microsoft.VisualStudio.QualityTools.Tips.UnitTest.Adapter, Version=10.0.0.0, Culture=neutral, PublicKeyToken=b03f5f7f11d50a3a" className="TestProject01.Cls01Testes, TestProject01, Version=1.0.0.0, Culture=neutral, PublicKeyToken=null" name="TMInputcase4" />
    </UnitTest>
    <UnitTest name="TMInputcase2" storage="c:\users\vando.moreira\documents\visual studio 2010\projects\cst\testproject01\bin\debug\testproject01.dll" id="713c4d8a-beb7-f211-7571-3713984001be">
      <Execution id="bcd4c916-7265-4c8d-b3f0-f7f363830d48" />
      <TestMethod codeBase="c:/users/vando.moreira/documents/visual studio 2010/Projects/csT/TestProject01/bin/Debug/TestProject01.DLL" adapterTypeName="Microsoft.VisualStudio.TestTools.TestTypes.Unit.UnitTestAdapter, Microsoft.VisualStudio.QualityTools.Tips.UnitTest.Adapter, Version=10.0.0.0, Culture=neutral, PublicKeyToken=b03f5f7f11d50a3a" className="TestProject01.Cls01Testes, TestProject01, Version=1.0.0.0, Culture=neutral, PublicKeyToken=null" name="TMInputcase2" />
    </UnitTest>
    <UnitTest name="TMInputcase3" storage="c:\users\vando.moreira\documents\visual studio 2010\projects\cst\testproject01\bin\debug\testproject01.dll" id="d8b9b00f-2344-76c1-605a-33a419e9fa79">
      <Execution id="06e3f735-822d-4bda-bc38-dfe51e595222" />
      <TestMethod codeBase="c:/users/vando.moreira/documents/visual studio 2010/Projects/csT/TestProject01/bin/Debug/TestProject01.DLL" adapterTypeName="Microsoft.VisualStudio.TestTools.TestTypes.Unit.UnitTestAdapter, Microsoft.VisualStudio.QualityTools.Tips.UnitTest.Adapter, Version=10.0.0.0, Culture=neutral, PublicKeyToken=b03f5f7f11d50a3a" className="TestProject01.Cls01Testes, TestProject01, Version=1.0.0.0, Culture=neutral, PublicKeyToken=null" name="TMInputcase3" />
    </UnitTest>
    <UnitTest name="TMInputElementsnull" storage="c:\users\vando.moreira\documents\visual studio 2010\projects\cst\testproject01\bin\debug\testproject01.dll" id="d347be75-2d9f-a4de-2c0e-4ae3a5eb80cd">
      <Execution id="ed04277c-fdcc-466d-ab57-6d452d176f7d" />
      <TestMethod codeBase="c:/users/vando.moreira/documents/visual studio 2010/Projects/csT/TestProject01/bin/Debug/TestProject01.DLL" adapterTypeName="Microsoft.VisualStudio.TestTools.TestTypes.Unit.UnitTestAdapter, Microsoft.VisualStudio.QualityTools.Tips.UnitTest.Adapter, Version=10.0.0.0, Culture=neutral, PublicKeyToken=b03f5f7f11d50a3a" className="TestProject01.Cls01Testes, TestProject01, Version=1.0.0.0, Culture=neutral, PublicKeyToken=null" name="TMInputElementsnull" />
    </UnitTest>
    <UnitTest name="TMInputcase1" storage="c:\users\vando.moreira\documents\visual studio 2010\projects\cst\testproject01\bin\debug\testproject01.dll" id="724b8573-2358-fcfd-f0bb-a2f460d6d87f">
      <Execution id="0bc2220e-a36f-4119-b054-5390c740919c" />
      <TestMethod codeBase="c:/users/vando.moreira/documents/visual studio 2010/Projects/csT/TestProject01/bin/Debug/TestProject01.DLL" adapterTypeName="Microsoft.VisualStudio.TestTools.TestTypes.Unit.UnitTestAdapter, Microsoft.VisualStudio.QualityTools.Tips.UnitTest.Adapter, Version=10.0.0.0, Culture=neutral, PublicKeyToken=b03f5f7f11d50a3a" className="TestProject01.Cls01Testes, TestProject01, Version=1.0.0.0, Culture=neutral, PublicKeyToken=null" name="TMInputcase1" />
    </UnitTest>
  </TestDefinitions>
  <TestLists>
    <TestList name="Results Not in a List" id="8c84fa94-04c1-424b-9868-57a2d4851a1d" />
    <TestList name="All Loaded Results" id="19431567-8539-422a-85d7-44ee4e166bda" />
  </TestLists>
  <TestEntries>
    <TestEntry testId="713c4d8a-beb7-f211-7571-3713984001be" executionId="bcd4c916-7265-4c8d-b3f0-f7f363830d48" testListId="8c84fa94-04c1-424b-9868-57a2d4851a1d" />
    <TestEntry testId="724b8573-2358-fcfd-f0bb-a2f460d6d87f" executionId="0bc2220e-a36f-4119-b054-5390c740919c" testListId="8c84fa94-04c1-424b-9868-57a2d4851a1d" />
    <TestEntry testId="83ce80bc-b14c-faaa-c9c6-345e2e1a6192" executionId="e0c75876-b4d0-4f7d-bf9f-1e4cc7cf181d" testListId="8c84fa94-04c1-424b-9868-57a2d4851a1d" />
    <TestEntry testId="ae6b1e59-92de-6629-21e0-300752823fd1" executionId="c5a92a48-3bc8-48b8-9da4-f0bf41dafc46" testListId="8c84fa94-04c1-424b-9868-57a2d4851a1d" />
    <TestEntry testId="d347be75-2d9f-a4de-2c0e-4ae3a5eb80cd" executionId="ed04277c-fdcc-466d-ab57-6d452d176f7d" testListId="8c84fa94-04c1-424b-9868-57a2d4851a1d" />
    <TestEntry testId="d8b9b00f-2344-76c1-605a-33a419e9fa79" executionId="06e3f735-822d-4bda-bc38-dfe51e595222" testListId="8c84fa94-04c1-424b-9868-57a2d4851a1d" />
  </TestEntries>
  <Results>
    <UnitTestResult executionId="bcd4c916-7265-4c8d-b3f0-f7f363830d48" testId="713c4d8a-beb7-f211-7571-3713984001be" testName="TMInputcase2" computerName="HOME" duration="00:00:00.0158283" startTime="2018-07-28T23:48:03.7952516+01:00" endTime="2018-07-28T23:48:04.0182644+01:00" testType="13cdc9d9-ddb5-4fa4-a97d-d965ccfc6d4b" outcome="Passed" testListId="8c84fa94-04c1-424b-9868-57a2d4851a1d" relativeResultsDirectory="bcd4c916-7265-4c8d-b3f0-f7f363830d48">
    </UnitTestResult>
    <UnitTestResult executionId="0bc2220e-a36f-4119-b054-5390c740919c" testId="724b8573-2358-fcfd-f0bb-a2f460d6d87f" testName="TMInputcase1" computerName="HOME" duration="00:00:00.0002269" startTime="2018-07-28T23:48:04.0202645+01:00" endTime="2018-07-28T23:48:04.0252648+01:00" testType="13cdc9d9-ddb5-4fa4-a97d-d965ccfc6d4b" outcome="Passed" testListId="8c84fa94-04c1-424b-9868-57a2d4851a1d" relativeResultsDirectory="0bc2220e-a36f-4119-b054-5390c740919c">
    </UnitTestResult>
    <UnitTestResult executionId="e0c75876-b4d0-4f7d-bf9f-1e4cc7cf181d" testId="83ce80bc-b14c-faaa-c9c6-345e2e1a6192" testName="TMInputArraynotnull" computerName="HOME" duration="00:00:00.0034996" startTime="2018-07-28T23:48:04.0272649+01:00" endTime="2018-07-28T23:48:04.0362654+01:00" testType="13cdc9d9-ddb5-4fa4-a97d-d965ccfc6d4b" outcome="Passed" testListId="8c84fa94-04c1-424b-9868-57a2d4851a1d" relativeResultsDirectory="e0c75876-b4d0-4f7d-bf9f-1e4cc7cf181d">
    </UnitTestResult>
    <UnitTestResult executionId="c5a92a48-3bc8-48b8-9da4-f0bf41dafc46" testId="ae6b1e59-92de-6629-21e0-300752823fd1" testName="TMInputcase4" computerName="HOME" duration="00:00:00.0002822" startTime="2018-07-28T23:48:04.0372655+01:00" endTime="2018-07-28T23:48:04.0412657+01:00" testType="13cdc9d9-ddb5-4fa4-a97d-d965ccfc6d4b" outcome="Passed" testListId="8c84fa94-04c1-424b-9868-57a2d4851a1d" relativeResultsDirectory="c5a92a48-3bc8-48b8-9da4-f0bf41dafc46">
    </UnitTestResult>
    <UnitTestResult executionId="ed04277c-fdcc-466d-ab57-6d452d176f7d" testId="d347be75-2d9f-a4de-2c0e-4ae3a5eb80cd" testName="TMInputElementsnull" computerName="HOME" duration="00:00:00.0005792" startTime="2018-07-28T23:48:04.0432658+01:00" endTime="2018-07-28T23:48:04.0472660+01:00" testType="13cdc9d9-ddb5-4fa4-a97d-d965ccfc6d4b" outcome="Passed" testListId="8c84fa94-04c1-424b-9868-57a2d4851a1d" relativeResultsDirectory="ed04277c-fdcc-466d-ab57-6d452d176f7d">
    </UnitTestResult>
    <UnitTestResult executionId="06e3f735-822d-4bda-bc38-dfe51e595222" testId="d8b9b00f-2344-76c1-605a-33a419e9fa79" testName="TMInputcase3" computerName="HOME" duration="00:00:00.0002160" startTime="2018-07-28T23:48:04.0482661+01:00" endTime="2018-07-28T23:48:04.0522663+01:00" testType="13cdc9d9-ddb5-4fa4-a97d-d965ccfc6d4b" outcome="Passed" testListId="8c84fa94-04c1-424b-9868-57a2d4851a1d" relativeResultsDirectory="06e3f735-822d-4bda-bc38-dfe51e595222">
    </UnitTestResult>
  </Results>
</TestRun>