<?xml version="1.0" encoding="UTF-8"?>
<TestRun id="b0b12f12-603b-49e9-9547-965abd2c031b" name="Vando.Moreira@HOME 2018-07-28 23:43:28" runUser="Home\Vando.Moreira" xmlns="http://microsoft.com/schemas/VisualStudio/TeamTest/2010">
  <TestSettings name="Local" id="5e1a744f-c084-4377-9e89-f7d931b07561">
    <Description>These are default test settings for a local test run.</Description>
    <Deployment enabled="false" runDeploymentRoot="Vando.Moreira_HOME 2018-07-28 23_43_28">
      <DeploymentItem filename="c:\users\vando.moreira\documents\visual studio 2010\Projects\csT\csT\bin\Debug\csT.exe" />
    </Deployment>
    <Execution>
      <TestTypeSpecific />
      <AgentRule name="Execution Agents">
      </AgentRule>
    </Execution>
  </TestSettings>
  <Times creation="2018-07-28T23:43:28.4345019+01:00" queuing="2018-07-28T23:43:28.4595033+01:00" start="2018-07-28T23:43:28.4695039+01:00" finish="2018-07-28T23:43:28.7095176+01:00" />
  <ResultSummary outcome="Failed">
    <Counters total="6" executed="6" passed="5" error="0" failed="1" timeout="0" aborted="0" inconclusive="0" passedButRunAborted="0" notRunnable="0" notExecuted="0" disconnected="0" warning="0" completed="0" inProgress="0" pending="0" />
  </ResultSummary>
  <TestDefinitions>
    <UnitTest name="TMInputArraynotnull" storage="c:\users\vando.moreira\documents\visual studio 2010\projects\cst\testproject01\bin\debug\testproject01.dll" id="83ce80bc-b14c-faaa-c9c6-345e2e1a6192">
      <Execution id="20f80306-9475-44ca-91e6-430a9d31227a" />
      <TestMethod codeBase="c:/users/vando.moreira/documents/visual studio 2010/Projects/csT/TestProject01/bin/Debug/TestProject01.DLL" adapterTypeName="Microsoft.VisualStudio.TestTools.TestTypes.Unit.UnitTestAdapter, Microsoft.VisualStudio.QualityTools.Tips.UnitTest.Adapter, Version=10.0.0.0, Culture=neutral, PublicKeyToken=b03f5f7f11d50a3a" className="TestProject01.Cls01Testes, TestProject01, Version=1.0.0.0, Culture=neutral, PublicKeyToken=null" name="TMInputArraynotnull" />
    </UnitTest>
    <UnitTest name="TMInputcase4" storage="c:\users\vando.moreira\documents\visual studio 2010\projects\cst\testproject01\bin\debug\testproject01.dll" id="ae6b1e59-92de-6629-21e0-300752823fd1">
      <Execution id="88b71b0c-2766-48af-af70-d898abc21250" />
      <TestMethod codeBase="c:/users/vando.moreira/documents/visual studio 2010/Projects/csT/TestProject01/bin/Debug/TestProject01.DLL" adapterTypeName="Microsoft.VisualStudio.TestTools.TestTypes.Unit.UnitTestAdapter, Microsoft.VisualStudio.QualityTools.Tips.UnitTest.Adapter, Version=10.0.0.0, Culture=neutral, PublicKeyToken=b03f5f7f11d50a3a" className="TestProject01.Cls01Testes, TestProject01, Version=1.0.0.0, Culture=neutral, PublicKeyToken=null" name="TMInputcase4" />
    </UnitTest>
    <UnitTest name="TMInputcase2" storage="c:\users\vando.moreira\documents\visual studio 2010\projects\cst\testproject01\bin\debug\testproject01.dll" id="713c4d8a-beb7-f211-7571-3713984001be">
      <Execution id="fa380347-7f95-4c70-a5d8-b6de2083f99d" />
      <TestMethod codeBase="c:/users/vando.moreira/documents/visual studio 2010/Projects/csT/TestProject01/bin/Debug/TestProject01.DLL" adapterTypeName="Microsoft.VisualStudio.TestTools.TestTypes.Unit.UnitTestAdapter, Microsoft.VisualStudio.QualityTools.Tips.UnitTest.Adapter, Version=10.0.0.0, Culture=neutral, PublicKeyToken=b03f5f7f11d50a3a" className="TestProject01.Cls01Testes, TestProject01, Version=1.0.0.0, Culture=neutral, PublicKeyToken=null" name="TMInputcase2" />
    </UnitTest>
    <UnitTest name="TMInputcase3" storage="c:\users\vando.moreira\documents\visual studio 2010\projects\cst\testproject01\bin\debug\testproject01.dll" id="d8b9b00f-2344-76c1-605a-33a419e9fa79">
      <Execution id="e1edea43-fb3d-4988-bafc-8ef907862040" />
      <TestMethod codeBase="c:/users/vando.moreira/documents/visual studio 2010/Projects/csT/TestProject01/bin/Debug/TestProject01.DLL" adapterTypeName="Microsoft.VisualStudio.TestTools.TestTypes.Unit.UnitTestAdapter, Microsoft.VisualStudio.QualityTools.Tips.UnitTest.Adapter, Version=10.0.0.0, Culture=neutral, PublicKeyToken=b03f5f7f11d50a3a" className="TestProject01.Cls01Testes, TestProject01, Version=1.0.0.0, Culture=neutral, PublicKeyToken=null" name="TMInputcase3" />
    </UnitTest>
    <UnitTest name="TMInputElementsnull" storage="c:\users\vando.moreira\documents\visual studio 2010\projects\cst\testproject01\bin\debug\testproject01.dll" id="d347be75-2d9f-a4de-2c0e-4ae3a5eb80cd">
      <Execution id="12ca6ba3-7846-462b-a39e-6981b2e1e731" />
      <TestMethod codeBase="c:/users/vando.moreira/documents/visual studio 2010/Projects/csT/TestProject01/bin/Debug/TestProject01.DLL" adapterTypeName="Microsoft.VisualStudio.TestTools.TestTypes.Unit.UnitTestAdapter, Microsoft.VisualStudio.QualityTools.Tips.UnitTest.Adapter, Version=10.0.0.0, Culture=neutral, PublicKeyToken=b03f5f7f11d50a3a" className="TestProject01.Cls01Testes, TestProject01, Version=1.0.0.0, Culture=neutral, PublicKeyToken=null" name="TMInputElementsnull" />
    </UnitTest>
    <UnitTest name="TMInputcase1" storage="c:\users\vando.moreira\documents\visual studio 2010\projects\cst\testproject01\bin\debug\testproject01.dll" id="724b8573-2358-fcfd-f0bb-a2f460d6d87f">
      <Execution id="311efceb-3731-459f-a9ef-4ff2582bb032" />
      <TestMethod codeBase="c:/users/vando.moreira/documents/visual studio 2010/Projects/csT/TestProject01/bin/Debug/TestProject01.DLL" adapterTypeName="Microsoft.VisualStudio.TestTools.TestTypes.Unit.UnitTestAdapter, Microsoft.VisualStudio.QualityTools.Tips.UnitTest.Adapter, Version=10.0.0.0, Culture=neutral, PublicKeyToken=b03f5f7f11d50a3a" className="TestProject01.Cls01Testes, TestProject01, Version=1.0.0.0, Culture=neutral, PublicKeyToken=null" name="TMInputcase1" />
    </UnitTest>
  </TestDefinitions>
  <TestLists>
    <TestList name="Results Not in a List" id="8c84fa94-04c1-424b-9868-57a2d4851a1d" />
    <TestList name="All Loaded Results" id="19431567-8539-422a-85d7-44ee4e166bda" />
  </TestLists>
  <TestEntries>
    <TestEntry testId="713c4d8a-beb7-f211-7571-3713984001be" executionId="fa380347-7f95-4c70-a5d8-b6de2083f99d" testListId="8c84fa94-04c1-424b-9868-57a2d4851a1d" />
    <TestEntry testId="724b8573-2358-fcfd-f0bb-a2f460d6d87f" executionId="311efceb-3731-459f-a9ef-4ff2582bb032" testListId="8c84fa94-04c1-424b-9868-57a2d4851a1d" />
    <TestEntry testId="83ce80bc-b14c-faaa-c9c6-345e2e1a6192" executionId="20f80306-9475-44ca-91e6-430a9d31227a" testListId="8c84fa94-04c1-424b-9868-57a2d4851a1d" />
    <TestEntry testId="ae6b1e59-92de-6629-21e0-300752823fd1" executionId="88b71b0c-2766-48af-af70-d898abc21250" testListId="8c84fa94-04c1-424b-9868-57a2d4851a1d" />
    <TestEntry testId="d347be75-2d9f-a4de-2c0e-4ae3a5eb80cd" executionId="12ca6ba3-7846-462b-a39e-6981b2e1e731" testListId="8c84fa94-04c1-424b-9868-57a2d4851a1d" />
    <TestEntry testId="d8b9b00f-2344-76c1-605a-33a419e9fa79" executionId="e1edea43-fb3d-4988-bafc-8ef907862040" testListId="8c84fa94-04c1-424b-9868-57a2d4851a1d" />
  </TestEntries>
  <Results>
    <UnitTestResult executionId="fa380347-7f95-4c70-a5d8-b6de2083f99d" testId="713c4d8a-beb7-f211-7571-3713984001be" testName="TMInputcase2" computerName="HOME" duration="00:00:00.0175839" startTime="2018-07-28T23:43:28.4715040+01:00" endTime="2018-07-28T23:43:28.6475141+01:00" testType="13cdc9d9-ddb5-4fa4-a97d-d965ccfc6d4b" outcome="Passed" testListId="8c84fa94-04c1-424b-9868-57a2d4851a1d" relativeResultsDirectory="fa380347-7f95-4c70-a5d8-b6de2083f99d">
    </UnitTestResult>
    <UnitTestResult executionId="311efceb-3731-459f-a9ef-4ff2582bb032" testId="724b8573-2358-fcfd-f0bb-a2f460d6d87f" testName="TMInputcase1" computerName="HOME" duration="00:00:00.0002178" startTime="2018-07-28T23:43:28.6485141+01:00" endTime="2018-07-28T23:43:28.6525144+01:00" testType="13cdc9d9-ddb5-4fa4-a97d-d965ccfc6d4b" outcome="Passed" testListId="8c84fa94-04c1-424b-9868-57a2d4851a1d" relativeResultsDirectory="311efceb-3731-459f-a9ef-4ff2582bb032">
    </UnitTestResult>
    <UnitTestResult executionId="20f80306-9475-44ca-91e6-430a9d31227a" testId="83ce80bc-b14c-faaa-c9c6-345e2e1a6192" testName="TMInputArraynotnull" computerName="HOME" duration="00:00:00.0035481" startTime="2018-07-28T23:43:28.6535144+01:00" endTime="2018-07-28T23:43:28.6615149+01:00" testType="13cdc9d9-ddb5-4fa4-a97d-d965ccfc6d4b" outcome="Passed" testListId="8c84fa94-04c1-424b-9868-57a2d4851a1d" relativeResultsDirectory="20f80306-9475-44ca-91e6-430a9d31227a">
    </UnitTestResult>
    <UnitTestResult executionId="88b71b0c-2766-48af-af70-d898abc21250" testId="ae6b1e59-92de-6629-21e0-300752823fd1" testName="TMInputcase4" computerName="HOME" duration="00:00:00.0195914" startTime="2018-07-28T23:43:28.6635150+01:00" endTime="2018-07-28T23:43:28.6865163+01:00" testType="13cdc9d9-ddb5-4fa4-a97d-d965ccfc6d4b" outcome="Failed" testListId="8c84fa94-04c1-424b-9868-57a2d4851a1d" relativeResultsDirectory="88b71b0c-2766-48af-af70-d898abc21250">
      <Output>
        <ErrorInfo>
          <Message>Assert.AreEqual failed. Expected:&lt;(11,-2)(5,4)&gt;. Actual:&lt;(11,-2),(5,4)&gt;. </Message>
          <StackTrace>   em TestProject01.Cls01Testes.TMInputcase4() na c:\users\vando.moreira\documents\visual studio 2010\Projects\csT\TestProject01\Cls01Testes.cs:linha 56
</StackTrace>
        </ErrorInfo>
      </Output>
    </UnitTestResult>
    <UnitTestResult executionId="12ca6ba3-7846-462b-a39e-6981b2e1e731" testId="d347be75-2d9f-a4de-2c0e-4ae3a5eb80cd" testName="TMInputElementsnull" computerName="HOME" duration="00:00:00.0006665" startTime="2018-07-28T23:43:28.6875164+01:00" endTime="2018-07-28T23:43:28.6925166+01:00" testType="13cdc9d9-ddb5-4fa4-a97d-d965ccfc6d4b" outcome="Passed" testListId="8c84fa94-04c1-424b-9868-57a2d4851a1d" relativeResultsDirectory="12ca6ba3-7846-462b-a39e-6981b2e1e731">
    </UnitTestResult>
    <UnitTestResult executionId="e1edea43-fb3d-4988-bafc-8ef907862040" testId="d8b9b00f-2344-76c1-605a-33a419e9fa79" testName="TMInputcase3" computerName="HOME" duration="00:00:00.0002349" startTime="2018-07-28T23:43:28.6945168+01:00" endTime="2018-07-28T23:43:28.6985170+01:00" testType="13cdc9d9-ddb5-4fa4-a97d-d965ccfc6d4b" outcome="Passed" testListId="8c84fa94-04c1-424b-9868-57a2d4851a1d" relativeResultsDirectory="e1edea43-fb3d-4988-bafc-8ef907862040">
    </UnitTestResult>
  </Results>
</TestRun>