<?xml version="1.0" encoding="UTF-8"?>
<TestRun id="4a35259e-84df-4f1a-b291-a06dab8034eb" name="Vando.Moreira@HOME 2018-07-28 23:49:18" runUser="Home\Vando.Moreira" xmlns="http://microsoft.com/schemas/VisualStudio/TeamTest/2010">
  <TestSettings name="Local" id="5e1a744f-c084-4377-9e89-f7d931b07561">
    <Description>These are default test settings for a local test run.</Description>
    <Deployment enabled="false" runDeploymentRoot="Vando.Moreira_HOME 2018-07-28 23_49_18">
      <DeploymentItem filename="c:\users\vando.moreira\documents\visual studio 2010\Projects\csT\csT\bin\Debug\csT.exe" />
    </Deployment>
    <Execution>
      <TestTypeSpecific />
      <AgentRule name="Execution Agents">
      </AgentRule>
    </Execution>
  </TestSettings>
  <Times creation="2018-07-28T23:49:18.1555048+01:00" queuing="2018-07-28T23:49:18.1975072+01:00" start="2018-07-28T23:49:18.2205085+01:00" finish="2018-07-28T23:49:18.5105251+01:00" />
  <ResultSummary outcome="Failed">
    <Counters total="7" executed="7" passed="6" error="0" failed="1" timeout="0" aborted="0" inconclusive="0" passedButRunAborted="0" notRunnable="0" notExecuted="0" disconnected="0" warning="0" completed="0" inProgress="0" pending="0" />
  </ResultSummary>
  <TestDefinitions>
    <UnitTest name="TMInputArraynotnull" storage="c:\users\vando.moreira\documents\visual studio 2010\projects\cst\testproject01\bin\debug\testproject01.dll" id="83ce80bc-b14c-faaa-c9c6-345e2e1a6192">
      <Execution id="2596d820-900c-4b4c-a655-1c0e01067dbd" />
      <TestMethod codeBase="c:/users/vando.moreira/documents/visual studio 2010/Projects/csT/TestProject01/bin/Debug/TestProject01.DLL" adapterTypeName="Microsoft.VisualStudio.TestTools.TestTypes.Unit.UnitTestAdapter, Microsoft.VisualStudio.QualityTools.Tips.UnitTest.Adapter, Version=10.0.0.0, Culture=neutral, PublicKeyToken=b03f5f7f11d50a3a" className="TestProject01.Cls01Testes, TestProject01, Version=1.0.0.0, Culture=neutral, PublicKeyToken=null" name="TMInputArraynotnull" />
    </UnitTest>
    <UnitTest name="TMInputcase4" storage="c:\users\vando.moreira\documents\visual studio 2010\projects\cst\testproject01\bin\debug\testproject01.dll" id="ae6b1e59-92de-6629-21e0-300752823fd1">
      <Execution id="7beb9138-1109-4a03-8b08-e7ebc7ff0534" />
      <TestMethod codeBase="c:/users/vando.moreira/documents/visual studio 2010/Projects/csT/TestProject01/bin/Debug/TestProject01.DLL" adapterTypeName="Microsoft.VisualStudio.TestTools.TestTypes.Unit.UnitTestAdapter, Microsoft.VisualStudio.QualityTools.Tips.UnitTest.Adapter, Version=10.0.0.0, Culture=neutral, PublicKeyToken=b03f5f7f11d50a3a" className="TestProject01.Cls01Testes, TestProject01, Version=1.0.0.0, Culture=neutral, PublicKeyToken=null" name="TMInputcase4" />
    </UnitTest>
    <UnitTest name="TMInputcase2" storage="c:\users\vando.moreira\documents\visual studio 2010\projects\cst\testproject01\bin\debug\testproject01.dll" id="713c4d8a-beb7-f211-7571-3713984001be">
      <Execution id="919bb762-a2cd-43c5-94e0-db4ce0febf89" />
      <TestMethod codeBase="c:/users/vando.moreira/documents/visual studio 2010/Projects/csT/TestProject01/bin/Debug/TestProject01.DLL" adapterTypeName="Microsoft.VisualStudio.TestTools.TestTypes.Unit.UnitTestAdapter, Microsoft.VisualStudio.QualityTools.Tips.UnitTest.Adapter, Version=10.0.0.0, Culture=neutral, PublicKeyToken=b03f5f7f11d50a3a" className="TestProject01.Cls01Testes, TestProject01, Version=1.0.0.0, Culture=neutral, PublicKeyToken=null" name="TMInputcase2" />
    </UnitTest>
    <UnitTest name="TMInputcase6" storage="c:\users\vando.moreira\documents\visual studio 2010\projects\cst\testproject01\bin\debug\testproject01.dll" id="2bf5c5d5-ff28-2d66-4ebc-96e33a74ab18">
      <Execution id="d76d0a4f-efec-4c2e-9d66-ee4e6879dfb0" />
      <TestMethod codeBase="c:/users/vando.moreira/documents/visual studio 2010/Projects/csT/TestProject01/bin/Debug/TestProject01.DLL" adapterTypeName="Microsoft.VisualStudio.TestTools.TestTypes.Unit.UnitTestAdapter, Microsoft.VisualStudio.QualityTools.Tips.UnitTest.Adapter, Version=10.0.0.0, Culture=neutral, PublicKeyToken=b03f5f7f11d50a3a" className="TestProject01.Cls01Testes, TestProject01, Version=1.0.0.0, Culture=neutral, PublicKeyToken=null" name="TMInputcase6" />
    </UnitTest>
    <UnitTest name="TMInputcase3" storage="c:\users\vando.moreira\documents\visual studio 2010\projects\cst\testproject01\bin\debug\testproject01.dll" id="d8b9b00f-2344-76c1-605a-33a419e9fa79">
      <Execution id="6802ea2c-f7e1-4449-9b84-90b491e7914b" />
      <TestMethod codeBase="c:/users/vando.moreira/documents/visual studio 2010/Projects/csT/TestProject01/bin/Debug/TestProject01.DLL" adapterTypeName="Microsoft.VisualStudio.TestTools.TestTypes.Unit.UnitTestAdapter, Microsoft.VisualStudio.QualityTools.Tips.UnitTest.Adapter, Version=10.0.0.0, Culture=neutral, PublicKeyToken=b03f5f7f11d50a3a" className="TestProject01.Cls01Testes, TestProject01, Version=1.0.0.0, Culture=neutral, PublicKeyToken=null" name="TMInputcase3" />
    </UnitTest>
    <UnitTest name="TMInputElementsnull" storage="c:\users\vando.moreira\documents\visual studio 2010\projects\cst\testproject01\bin\debug\testproject01.dll" id="d347be75-2d9f-a4de-2c0e-4ae3a5eb80cd">
      <Execution id="4d766e6d-784f-4ebe-aa9f-4b6e23179640" />
      <TestMethod codeBase="c:/users/vando.moreira/documents/visual studio 2010/Projects/csT/TestProject01/bin/Debug/TestProject01.DLL" adapterTypeName="Microsoft.VisualStudio.TestTools.TestTypes.Unit.UnitTestAdapter, Microsoft.VisualStudio.QualityTools.Tips.UnitTest.Adapter, Version=10.0.0.0, Culture=neutral, PublicKeyToken=b03f5f7f11d50a3a" className="TestProject01.Cls01Testes, TestProject01, Version=1.0.0.0, Culture=neutral, PublicKeyToken=null" name="TMInputElementsnull" />
    </UnitTest>
    <UnitTest name="TMInputcase1" storage="c:\users\vando.moreira\documents\visual studio 2010\projects\cst\testproject01\bin\debug\testproject01.dll" id="724b8573-2358-fcfd-f0bb-a2f460d6d87f">
      <Execution id="aa950372-4797-4ace-8587-09c8c18b371d" />
      <TestMethod codeBase="c:/users/vando.moreira/documents/visual studio 2010/Projects/csT/TestProject01/bin/Debug/TestProject01.DLL" adapterTypeName="Microsoft.VisualStudio.TestTools.TestTypes.Unit.UnitTestAdapter, Microsoft.VisualStudio.QualityTools.Tips.UnitTest.Adapter, Version=10.0.0.0, Culture=neutral, PublicKeyToken=b03f5f7f11d50a3a" className="TestProject01.Cls01Testes, TestProject01, Version=1.0.0.0, Culture=neutral, PublicKeyToken=null" name="TMInputcase1" />
    </UnitTest>
  </TestDefinitions>
  <TestLists>
    <TestList name="Results Not in a List" id="8c84fa94-04c1-424b-9868-57a2d4851a1d" />
    <TestList name="All Loaded Results" id="19431567-8539-422a-85d7-44ee4e166bda" />
  </TestLists>
  <TestEntries>
    <TestEntry testId="2bf5c5d5-ff28-2d66-4ebc-96e33a74ab18" executionId="d76d0a4f-efec-4c2e-9d66-ee4e6879dfb0" testListId="8c84fa94-04c1-424b-9868-57a2d4851a1d" />
    <TestEntry testId="713c4d8a-beb7-f211-7571-3713984001be" executionId="919bb762-a2cd-43c5-94e0-db4ce0febf89" testListId="8c84fa94-04c1-424b-9868-57a2d4851a1d" />
    <TestEntry testId="724b8573-2358-fcfd-f0bb-a2f460d6d87f" executionId="aa950372-4797-4ace-8587-09c8c18b371d" testListId="8c84fa94-04c1-424b-9868-57a2d4851a1d" />
    <TestEntry testId="83ce80bc-b14c-faaa-c9c6-345e2e1a6192" executionId="2596d820-900c-4b4c-a655-1c0e01067dbd" testListId="8c84fa94-04c1-424b-9868-57a2d4851a1d" />
    <TestEntry testId="ae6b1e59-92de-6629-21e0-300752823fd1" executionId="7beb9138-1109-4a03-8b08-e7ebc7ff0534" testListId="8c84fa94-04c1-424b-9868-57a2d4851a1d" />
    <TestEntry testId="d347be75-2d9f-a4de-2c0e-4ae3a5eb80cd" executionId="4d766e6d-784f-4ebe-aa9f-4b6e23179640" testListId="8c84fa94-04c1-424b-9868-57a2d4851a1d" />
    <TestEntry testId="d8b9b00f-2344-76c1-605a-33a419e9fa79" executionId="6802ea2c-f7e1-4449-9b84-90b491e7914b" testListId="8c84fa94-04c1-424b-9868-57a2d4851a1d" />
  </TestEntries>
  <Results>
    <UnitTestResult executionId="d76d0a4f-efec-4c2e-9d66-ee4e6879dfb0" testId="2bf5c5d5-ff28-2d66-4ebc-96e33a74ab18" testName="TMInputcase6" computerName="HOME" duration="00:00:00.0495149" startTime="2018-07-28T23:49:18.2245087+01:00" endTime="2018-07-28T23:49:18.4665226+01:00" testType="13cdc9d9-ddb5-4fa4-a97d-d965ccfc6d4b" outcome="Failed" testListId="8c84fa94-04c1-424b-9868-57a2d4851a1d" relativeResultsDirectory="d76d0a4f-efec-4c2e-9d66-ee4e6879dfb0">
      <Output>
        <ErrorInfo>
          <Message>Assert.AreEqual failed. Expected:&lt;&gt;. Actual:&lt;(11,-2),(5,4)&gt;. </Message>
          <StackTrace>   em TestProject01.Cls01Testes.TMInputcase6() na c:\users\vando.moreira\documents\visual studio 2010\Projects\csT\TestProject01\Cls01Testes.cs:linha 62
</StackTrace>
        </ErrorInfo>
      </Output>
    </UnitTestResult>
    <UnitTestResult executionId="919bb762-a2cd-43c5-94e0-db4ce0febf89" testId="713c4d8a-beb7-f211-7571-3713984001be" testName="TMInputcase2" computerName="HOME" duration="00:00:00.0003403" startTime="2018-07-28T23:49:18.4675226+01:00" endTime="2018-07-28T23:49:18.4715229+01:00" testType="13cdc9d9-ddb5-4fa4-a97d-d965ccfc6d4b" outcome="Passed" testListId="8c84fa94-04c1-424b-9868-57a2d4851a1d" relativeResultsDirectory="919bb762-a2cd-43c5-94e0-db4ce0febf89">
    </UnitTestResult>
    <UnitTestResult executionId="aa950372-4797-4ace-8587-09c8c18b371d" testId="724b8573-2358-fcfd-f0bb-a2f460d6d87f" testName="TMInputcase1" computerName="HOME" duration="00:00:00.0002217" startTime="2018-07-28T23:49:18.4725229+01:00" endTime="2018-07-28T23:49:18.4765231+01:00" testType="13cdc9d9-ddb5-4fa4-a97d-d965ccfc6d4b" outcome="Passed" testListId="8c84fa94-04c1-424b-9868-57a2d4851a1d" relativeResultsDirectory="aa950372-4797-4ace-8587-09c8c18b371d">
    </UnitTestResult>
    <UnitTestResult executionId="2596d820-900c-4b4c-a655-1c0e01067dbd" testId="83ce80bc-b14c-faaa-c9c6-345e2e1a6192" testName="TMInputArraynotnull" computerName="HOME" duration="00:00:00.0006916" startTime="2018-07-28T23:49:18.4775232+01:00" endTime="2018-07-28T23:49:18.4825235+01:00" testType="13cdc9d9-ddb5-4fa4-a97d-d965ccfc6d4b" outcome="Passed" testListId="8c84fa94-04c1-424b-9868-57a2d4851a1d" relativeResultsDirectory="2596d820-900c-4b4c-a655-1c0e01067dbd">
    </UnitTestResult>
    <UnitTestResult executionId="7beb9138-1109-4a03-8b08-e7ebc7ff0534" testId="ae6b1e59-92de-6629-21e0-300752823fd1" testName="TMInputcase4" computerName="HOME" duration="00:00:00.0002400" startTime="2018-07-28T23:49:18.4845236+01:00" endTime="2018-07-28T23:49:18.4885238+01:00" testType="13cdc9d9-ddb5-4fa4-a97d-d965ccfc6d4b" outcome="Passed" testListId="8c84fa94-04c1-424b-9868-57a2d4851a1d" relativeResultsDirectory="7beb9138-1109-4a03-8b08-e7ebc7ff0534">
    </UnitTestResult>
    <UnitTestResult executionId="4d766e6d-784f-4ebe-aa9f-4b6e23179640" testId="d347be75-2d9f-a4de-2c0e-4ae3a5eb80cd" testName="TMInputElementsnull" computerName="HOME" duration="00:00:00.0006425" startTime="2018-07-28T23:49:18.4895239+01:00" endTime="2018-07-28T23:49:18.4935241+01:00" testType="13cdc9d9-ddb5-4fa4-a97d-d965ccfc6d4b" outcome="Passed" testListId="8c84fa94-04c1-424b-9868-57a2d4851a1d" relativeResultsDirectory="4d766e6d-784f-4ebe-aa9f-4b6e23179640">
    </UnitTestResult>
    <UnitTestResult executionId="6802ea2c-f7e1-4449-9b84-90b491e7914b" testId="d8b9b00f-2344-76c1-605a-33a419e9fa79" testName="TMInputcase3" computerName="HOME" duration="00:00:00.0002497" startTime="2018-07-28T23:49:18.4945242+01:00" endTime="2018-07-28T23:49:18.4985244+01:00" testType="13cdc9d9-ddb5-4fa4-a97d-d965ccfc6d4b" outcome="Passed" testListId="8c84fa94-04c1-424b-9868-57a2d4851a1d" relativeResultsDirectory="6802ea2c-f7e1-4449-9b84-90b491e7914b">
    </UnitTestResult>
  </Results>
</TestRun>