<?xml version="1.0" encoding="UTF-8"?>
<TestRun id="a3bed1b9-fb1e-4484-a8cf-6309ee139f83" name="Vando.Moreira@HOME 2018-07-28 23:26:44" runUser="Home\Vando.Moreira" xmlns="http://microsoft.com/schemas/VisualStudio/TeamTest/2010">
  <TestSettings name="Local" id="5e1a744f-c084-4377-9e89-f7d931b07561">
    <Description>These are default test settings for a local test run.</Description>
    <Deployment enabled="false" runDeploymentRoot="Vando.Moreira_HOME 2018-07-28 23_26_44">
      <DeploymentItem filename="c:\users\vando.moreira\documents\visual studio 2010\Projects\csT\csT\bin\Debug\csT.exe" />
    </Deployment>
    <Execution>
      <TestTypeSpecific />
      <AgentRule name="Execution Agents">
      </AgentRule>
    </Execution>
  </TestSettings>
  <Times creation="2018-07-28T23:26:44.5590835+01:00" queuing="2018-07-28T23:26:44.5900853+01:00" start="2018-07-28T23:26:44.6370880+01:00" finish="2018-07-28T23:26:44.8631009+01:00" />
  <ResultSummary outcome="Failed">
    <Counters total="6" executed="6" passed="4" error="0" failed="2" timeout="0" aborted="0" inconclusive="0" passedButRunAborted="0" notRunnable="0" notExecuted="0" disconnected="0" warning="0" completed="0" inProgress="0" pending="0" />
  </ResultSummary>
  <TestDefinitions>
    <UnitTest name="TMInputArraynotnull" storage="c:\users\vando.moreira\documents\visual studio 2010\projects\cst\testproject01\bin\debug\testproject01.dll" id="83ce80bc-b14c-faaa-c9c6-345e2e1a6192">
      <Execution id="1a32b995-6c43-4d9b-917b-bbe954de563a" />
      <TestMethod codeBase="c:/users/vando.moreira/documents/visual studio 2010/Projects/csT/TestProject01/bin/Debug/TestProject01.DLL" adapterTypeName="Microsoft.VisualStudio.TestTools.TestTypes.Unit.UnitTestAdapter, Microsoft.VisualStudio.QualityTools.Tips.UnitTest.Adapter, Version=10.0.0.0, Culture=neutral, PublicKeyToken=b03f5f7f11d50a3a" className="TestProject01.Cls01Testes, TestProject01, Version=1.0.0.0, Culture=neutral, PublicKeyToken=null" name="TMInputArraynotnull" />
    </UnitTest>
    <UnitTest name="TMInputcase4" storage="c:\users\vando.moreira\documents\visual studio 2010\projects\cst\testproject01\bin\debug\testproject01.dll" id="ae6b1e59-92de-6629-21e0-300752823fd1">
      <Execution id="c0f3863a-dccd-404d-b4a0-a4cf83fd9ff4" />
      <TestMethod codeBase="c:/users/vando.moreira/documents/visual studio 2010/Projects/csT/TestProject01/bin/Debug/TestProject01.DLL" adapterTypeName="Microsoft.VisualStudio.TestTools.TestTypes.Unit.UnitTestAdapter, Microsoft.VisualStudio.QualityTools.Tips.UnitTest.Adapter, Version=10.0.0.0, Culture=neutral, PublicKeyToken=b03f5f7f11d50a3a" className="TestProject01.Cls01Testes, TestProject01, Version=1.0.0.0, Culture=neutral, PublicKeyToken=null" name="TMInputcase4" />
    </UnitTest>
    <UnitTest name="TMInputcase2" storage="c:\users\vando.moreira\documents\visual studio 2010\projects\cst\testproject01\bin\debug\testproject01.dll" id="713c4d8a-beb7-f211-7571-3713984001be">
      <Execution id="894114db-bf8e-4ba2-985d-e56f5d261a7a" />
      <TestMethod codeBase="c:/users/vando.moreira/documents/visual studio 2010/Projects/csT/TestProject01/bin/Debug/TestProject01.DLL" adapterTypeName="Microsoft.VisualStudio.TestTools.TestTypes.Unit.UnitTestAdapter, Microsoft.VisualStudio.QualityTools.Tips.UnitTest.Adapter, Version=10.0.0.0, Culture=neutral, PublicKeyToken=b03f5f7f11d50a3a" className="TestProject01.Cls01Testes, TestProject01, Version=1.0.0.0, Culture=neutral, PublicKeyToken=null" name="TMInputcase2" />
    </UnitTest>
    <UnitTest name="TMInputcase3" storage="c:\users\vando.moreira\documents\visual studio 2010\projects\cst\testproject01\bin\debug\testproject01.dll" id="d8b9b00f-2344-76c1-605a-33a419e9fa79">
      <Execution id="fb013c5b-47f9-4e92-8257-0a96bd1c9ed4" />
      <TestMethod codeBase="c:/users/vando.moreira/documents/visual studio 2010/Projects/csT/TestProject01/bin/Debug/TestProject01.DLL" adapterTypeName="Microsoft.VisualStudio.TestTools.TestTypes.Unit.UnitTestAdapter, Microsoft.VisualStudio.QualityTools.Tips.UnitTest.Adapter, Version=10.0.0.0, Culture=neutral, PublicKeyToken=b03f5f7f11d50a3a" className="TestProject01.Cls01Testes, TestProject01, Version=1.0.0.0, Culture=neutral, PublicKeyToken=null" name="TMInputcase3" />
    </UnitTest>
    <UnitTest name="TMInputElementsnull" storage="c:\users\vando.moreira\documents\visual studio 2010\projects\cst\testproject01\bin\debug\testproject01.dll" id="d347be75-2d9f-a4de-2c0e-4ae3a5eb80cd">
      <Execution id="ce0b6f5d-76c9-446b-9005-ad2eaa247028" />
      <TestMethod codeBase="c:/users/vando.moreira/documents/visual studio 2010/Projects/csT/TestProject01/bin/Debug/TestProject01.DLL" adapterTypeName="Microsoft.VisualStudio.TestTools.TestTypes.Unit.UnitTestAdapter, Microsoft.VisualStudio.QualityTools.Tips.UnitTest.Adapter, Version=10.0.0.0, Culture=neutral, PublicKeyToken=b03f5f7f11d50a3a" className="TestProject01.Cls01Testes, TestProject01, Version=1.0.0.0, Culture=neutral, PublicKeyToken=null" name="TMInputElementsnull" />
    </UnitTest>
    <UnitTest name="TMInputcase1" storage="c:\users\vando.moreira\documents\visual studio 2010\projects\cst\testproject01\bin\debug\testproject01.dll" id="724b8573-2358-fcfd-f0bb-a2f460d6d87f">
      <Execution id="93894b48-ba6e-4a2a-843a-e0c5f6d95614" />
      <TestMethod codeBase="c:/users/vando.moreira/documents/visual studio 2010/Projects/csT/TestProject01/bin/Debug/TestProject01.DLL" adapterTypeName="Microsoft.VisualStudio.TestTools.TestTypes.Unit.UnitTestAdapter, Microsoft.VisualStudio.QualityTools.Tips.UnitTest.Adapter, Version=10.0.0.0, Culture=neutral, PublicKeyToken=b03f5f7f11d50a3a" className="TestProject01.Cls01Testes, TestProject01, Version=1.0.0.0, Culture=neutral, PublicKeyToken=null" name="TMInputcase1" />
    </UnitTest>
  </TestDefinitions>
  <TestLists>
    <TestList name="Results Not in a List" id="8c84fa94-04c1-424b-9868-57a2d4851a1d" />
    <TestList name="All Loaded Results" id="19431567-8539-422a-85d7-44ee4e166bda" />
  </TestLists>
  <TestEntries>
    <TestEntry testId="713c4d8a-beb7-f211-7571-3713984001be" executionId="894114db-bf8e-4ba2-985d-e56f5d261a7a" testListId="8c84fa94-04c1-424b-9868-57a2d4851a1d" />
    <TestEntry testId="724b8573-2358-fcfd-f0bb-a2f460d6d87f" executionId="93894b48-ba6e-4a2a-843a-e0c5f6d95614" testListId="8c84fa94-04c1-424b-9868-57a2d4851a1d" />
    <TestEntry testId="83ce80bc-b14c-faaa-c9c6-345e2e1a6192" executionId="1a32b995-6c43-4d9b-917b-bbe954de563a" testListId="8c84fa94-04c1-424b-9868-57a2d4851a1d" />
    <TestEntry testId="ae6b1e59-92de-6629-21e0-300752823fd1" executionId="c0f3863a-dccd-404d-b4a0-a4cf83fd9ff4" testListId="8c84fa94-04c1-424b-9868-57a2d4851a1d" />
    <TestEntry testId="d347be75-2d9f-a4de-2c0e-4ae3a5eb80cd" executionId="ce0b6f5d-76c9-446b-9005-ad2eaa247028" testListId="8c84fa94-04c1-424b-9868-57a2d4851a1d" />
    <TestEntry testId="d8b9b00f-2344-76c1-605a-33a419e9fa79" executionId="fb013c5b-47f9-4e92-8257-0a96bd1c9ed4" testListId="8c84fa94-04c1-424b-9868-57a2d4851a1d" />
  </TestEntries>
  <Results>
    <UnitTestResult executionId="894114db-bf8e-4ba2-985d-e56f5d261a7a" testId="713c4d8a-beb7-f211-7571-3713984001be" testName="TMInputcase2" computerName="HOME" duration="00:00:00.0316595" startTime="2018-07-28T23:26:44.6100864+01:00" endTime="2018-07-28T23:26:44.8190984+01:00" testType="13cdc9d9-ddb5-4fa4-a97d-d965ccfc6d4b" outcome="Failed" testListId="8c84fa94-04c1-424b-9868-57a2d4851a1d" relativeResultsDirectory="894114db-bf8e-4ba2-985d-e56f5d261a7a">
      <Output>
        <ErrorInfo>
          <Message>Test method TestProject01.Cls01Testes.TMInputcase2 threw exception: 
System.IndexOutOfRangeException: O índice estava fora dos limites da matriz.</Message>
          <StackTrace>    em csT.Cls01.TMInputArray(Int32[] InputDados, Int32 k) na c:\users\vando.moreira\documents\visual studio 2010\Projects\csT\csT\Cls01.cs:linha 21
   em TestProject01.Cls01Testes.TMInputcase2() na c:\users\vando.moreira\documents\visual studio 2010\Projects\csT\TestProject01\Cls01Testes.cs:linha 44
</StackTrace>
        </ErrorInfo>
      </Output>
    </UnitTestResult>
    <UnitTestResult executionId="93894b48-ba6e-4a2a-843a-e0c5f6d95614" testId="724b8573-2358-fcfd-f0bb-a2f460d6d87f" testName="TMInputcase1" computerName="HOME" duration="00:00:00.0003717" startTime="2018-07-28T23:26:44.8210985+01:00" endTime="2018-07-28T23:26:44.8260988+01:00" testType="13cdc9d9-ddb5-4fa4-a97d-d965ccfc6d4b" outcome="Passed" testListId="8c84fa94-04c1-424b-9868-57a2d4851a1d" relativeResultsDirectory="93894b48-ba6e-4a2a-843a-e0c5f6d95614">
    </UnitTestResult>
    <UnitTestResult executionId="1a32b995-6c43-4d9b-917b-bbe954de563a" testId="83ce80bc-b14c-faaa-c9c6-345e2e1a6192" testName="TMInputArraynotnull" computerName="HOME" duration="00:00:00.0008734" startTime="2018-07-28T23:26:44.8280989+01:00" endTime="2018-07-28T23:26:44.8340992+01:00" testType="13cdc9d9-ddb5-4fa4-a97d-d965ccfc6d4b" outcome="Passed" testListId="8c84fa94-04c1-424b-9868-57a2d4851a1d" relativeResultsDirectory="1a32b995-6c43-4d9b-917b-bbe954de563a">
    </UnitTestResult>
    <UnitTestResult executionId="c0f3863a-dccd-404d-b4a0-a4cf83fd9ff4" testId="ae6b1e59-92de-6629-21e0-300752823fd1" testName="TMInputcase4" computerName="HOME" duration="00:00:00.0020104" startTime="2018-07-28T23:26:44.8350993+01:00" endTime="2018-07-28T23:26:44.8400996+01:00" testType="13cdc9d9-ddb5-4fa4-a97d-d965ccfc6d4b" outcome="Failed" testListId="8c84fa94-04c1-424b-9868-57a2d4851a1d" relativeResultsDirectory="c0f3863a-dccd-404d-b4a0-a4cf83fd9ff4">
      <Output>
        <ErrorInfo>
          <Message>Test method TestProject01.Cls01Testes.TMInputcase4 threw exception: 
System.IndexOutOfRangeException: O índice estava fora dos limites da matriz.</Message>
          <StackTrace>    em csT.Cls01.TMInputArray(Int32[] InputDados, Int32 k) na c:\users\vando.moreira\documents\visual studio 2010\Projects\csT\csT\Cls01.cs:linha 21
   em TestProject01.Cls01Testes.TMInputcase4() na c:\users\vando.moreira\documents\visual studio 2010\Projects\csT\TestProject01\Cls01Testes.cs:linha 56
</StackTrace>
        </ErrorInfo>
      </Output>
    </UnitTestResult>
    <UnitTestResult executionId="ce0b6f5d-76c9-446b-9005-ad2eaa247028" testId="d347be75-2d9f-a4de-2c0e-4ae3a5eb80cd" testName="TMInputElementsnull" computerName="HOME" duration="00:00:00.0006408" startTime="2018-07-28T23:26:44.8400996+01:00" endTime="2018-07-28T23:26:44.8440998+01:00" testType="13cdc9d9-ddb5-4fa4-a97d-d965ccfc6d4b" outcome="Passed" testListId="8c84fa94-04c1-424b-9868-57a2d4851a1d" relativeResultsDirectory="ce0b6f5d-76c9-446b-9005-ad2eaa247028">
    </UnitTestResult>
    <UnitTestResult executionId="fb013c5b-47f9-4e92-8257-0a96bd1c9ed4" testId="d8b9b00f-2344-76c1-605a-33a419e9fa79" testName="TMInputcase3" computerName="HOME" duration="00:00:00.0002109" startTime="2018-07-28T23:26:44.8450999+01:00" endTime="2018-07-28T23:26:44.8491001+01:00" testType="13cdc9d9-ddb5-4fa4-a97d-d965ccfc6d4b" outcome="Passed" testListId="8c84fa94-04c1-424b-9868-57a2d4851a1d" relativeResultsDirectory="fb013c5b-47f9-4e92-8257-0a96bd1c9ed4">
    </UnitTestResult>
  </Results>
</TestRun>